[2016-08-30 15:05:30] "pages/php/documentation.php don't exist" in C:\wamp\www\dediwaysPanel\sites\index.php line 25
[2016-08-30 19:05:39] "pages/php/index.php don't exist" in C:\wamp\www\dediwaysPanel\sites\index.php line 25
[2016-08-30 19:36:19] "pages/php/index.php don't exist" in C:\wamp\www\dediwaysPanel\sites\index.php line 25
[2016-08-30 19:36:20] "pages/php/index.php don't exist" in C:\wamp\www\dediwaysPanel\sites\index.php line 25
[2016-08-30 19:36:21] "pages/php/index.php don't exist" in C:\wamp\www\dediwaysPanel\sites\index.php line 25
[2016-08-30 19:39:32] "pages/php/register.php don't exist" in C:\wamp\www\dediwaysPanel\sites\index.php line 25
[2016-08-30 19:50:33] "pages/php/register.php don't exist" in C:\wamp\www\dediwaysPanel\sites\index.php line 25
[2016-08-30 19:54:42] "pages/php/index.php don't exist" in C:\wamp\www\dediwaysPanel\sites\index.php line 25
[2016-08-30 19:56:03] "pages/php/index.php don't exist" in C:\wamp\www\dediwaysPanel\sites\index.php line 25
[2016-08-30 19:57:02] "pages/php/index.php don't exist" in C:\wamp\www\dediwaysPanel\sites\index.php line 25
[2016-08-30 19:57:04] "pages/php/index.php don't exist" in C:\wamp\www\dediwaysPanel\sites\index.php line 25
[2016-08-30 19:57:04] "pages/php/index.php don't exist" in C:\wamp\www\dediwaysPanel\sites\index.php line 25
[2016-08-30 19:57:05] "pages/php/index.php don't exist" in C:\wamp\www\dediwaysPanel\sites\index.php line 25
[2016-08-30 19:57:05] "pages/php/index.php don't exist" in C:\wamp\www\dediwaysPanel\sites\index.php line 25
[2016-08-30 19:57:12] "pages/php/index.php don't exist" in C:\wamp\www\dediwaysPanel\sites\index.php line 25
[2016-08-30 19:57:12] "pages/php/index.php don't exist" in C:\wamp\www\dediwaysPanel\sites\index.php line 25
[2016-08-30 19:57:12] "pages/php/index.php don't exist" in C:\wamp\www\dediwaysPanel\sites\index.php line 25
[2016-08-30 19:58:22] "pages/php/index.php don't exist" in C:\wamp\www\dediwaysPanel\sites\index.php line 25
[2016-08-30 19:58:24] "pages/php/index.php don't exist" in C:\wamp\www\dediwaysPanel\sites\index.php line 25
[2016-08-30 19:58:28] "pages/php/index.php don't exist" in C:\wamp\www\dediwaysPanel\sites\index.php line 25
[2016-08-30 19:58:42] "pages/php/index.php don't exist" in C:\wamp\www\dediwaysPanel\sites\index.php line 25
[2016-08-30 19:58:58] "pages/php/index.php don't exist" in C:\wamp\www\dediwaysPanel\sites\index.php line 25
[2016-08-30 19:59:08] "pages/php/index.php don't exist" in C:\wamp\www\dediwaysPanel\sites\index.php line 25
[2016-08-30 19:59:09] "pages/php/index.php don't exist" in C:\wamp\www\dediwaysPanel\sites\index.php line 25
[2016-08-31 10:22:35] "pages/php/400.php don't exist" in C:\wamp\www\dediwaysPanel\sites\index.php line 20
[2016-08-31 10:22:41] "pages/php/400.php don't exist" in C:\wamp\www\dediwaysPanel\sites\index.php line 20
[2016-08-31 10:28:36] "pages/php/logout.php don't exist" in C:\wamp\www\dediwaysPanel\sites\index.php line 20
[2016-08-31 11:47:52] "pages/php/home.php don't exist" in C:\wamp\www\dediwaysPanel\sites\index.php line 20
[2016-08-31 12:10:49] "pages/php/home.php don't exist" in C:\wamp\www\dediwaysPanel\sites\index.php line 20
[2016-08-31 15:39:56] "pages/php/vps-details?n=sdasda.php don't exist" in C:\wamp\www\dediwaysPanel\sites\index.php line 20
[2016-08-31 19:38:25] "pages/php/logout.php don't exist" in C:\wamp\www\dediwaysPanel\sites\index.php line 20
[2016-09-02 21:02:14] "pages/php/logout.php don't exist" in C:\wamp\www\dediwaysPanel\sites\index.php line 20
[2016-09-02 21:04:41] "pages/php/vps-princing.php don't exist" in C:\wamp\www\dediwaysPanel\sites\index.php line 20
[2016-09-02 21:06:06] "pages/php/widgets.php don't exist" in C:\wamp\www\dediwaysPanel\sites\index.php line 20
[2016-09-03 10:26:14] "pages/php/vps-buy.php don't exist" in C:\wamp\www\dediwaysPanel\sites\index.php line 20
[2016-09-03 10:27:20] "pages/php/vps-buy?n=OVZ-1.php don't exist" in C:\wamp\www\dediwaysPanel\sites\index.php line 20
[2016-09-03 10:27:26] "pages/php/vps-buy?n=OVZ-1.php don't exist" in C:\wamp\www\dediwaysPanel\sites\index.php line 20
[2016-09-03 10:34:03] "pages/php/vps-buy?n=OVZ-1.php don't exist" in C:\wamp\www\dediwaysPanel\sites\index.php line 20
[2016-09-03 10:34:18] "pages/php/offers/vps/.php don't exist" in C:\wamp\www\dediwaysPanel\sites\index.php line 20
[2016-09-03 10:34:30] "pages/php/offers/vps/.php don't exist" in C:\wamp\www\dediwaysPanel\sites\index.php line 20
[2016-09-03 10:34:32] "pages/php/offers/vps/.php don't exist" in C:\wamp\www\dediwaysPanel\sites\index.php line 20
[2016-09-03 10:34:46] "pages/php/offers/vps/.php don't exist" in C:\wamp\www\dediwaysPanel\sites\index.php line 20
[2016-09-03 10:35:43] "pages/php/offers/vps/.php don't exist" in C:\wamp\www\dediwaysPanel\sites\index.php line 20
[2016-09-03 10:35:56] "pages/php/offers/vps/.php don't exist" in C:\wamp\www\dediwaysPanel\sites\index.php line 20
[2016-09-03 10:36:38] "pages/php/offers/vps/.php don't exist" in C:\wamp\www\dediwaysPanel\sites\index.php line 20
[2016-09-03 10:38:36] "pages/php/offers/vps/.php don't exist" in C:\wamp\www\dediwaysPanel\sites\index.php line 20
[2016-09-03 10:38:40] "pages/php/offers/vps/.php don't exist" in C:\wamp\www\dediwaysPanel\sites\index.php line 20
[2016-09-03 10:39:14] "pages/php/offers/vps/.php don't exist" in C:\wamp\www\dediwaysPanel\sites\index.php line 20
[2016-09-03 10:39:22] "pages/php/offers/vps/index.php don't exist" in C:\wamp\www\dediwaysPanel\sites\index.php line 20
[2016-09-03 10:40:31] "pages/php/offers/vps/index.php don't exist" in C:\wamp\www\dediwaysPanel\sites\index.php line 20
[2016-09-03 10:40:35] "pages/php/offers/vps/.php don't exist" in C:\wamp\www\dediwaysPanel\sites\index.php line 20
[2016-09-06 18:43:15] "pages/php/oldpage/400.php don't exist" in C:\wamp\www\dediwaysPanel\sites\index.php line 20
[2016-09-06 18:43:19] "pages/php/oldpage/index.php don't exist" in C:\wamp\www\dediwaysPanel\sites\index.php line 20
[2016-09-06 18:43:20] "pages/php/oldpage/index.php don't exist" in C:\wamp\www\dediwaysPanel\sites\index.php line 20
[2016-09-06 18:43:25] "pages/php/oindex.php don't exist" in C:\wamp\www\dediwaysPanel\sites\index.php line 20
[2016-09-09 11:43:02] "pages/php/vps/pricing.php don't exist" in C:\wamp\www\dediwaysPanel\sites\index.php line 20
[2016-09-09 11:43:06] "pages/php/vps/pricing/.php don't exist" in C:\wamp\www\dediwaysPanel\sites\index.php line 20
[2016-09-14 20:00:15] "pages/php/home/jj.php don't exist" in C:\wamp\www\PageManager\index.php line 20
[2016-09-14 20:00:21] "pages/php/home/jjasadsadsa.php don't exist" in C:\wamp\www\PageManager\index.php line 20
[2016-09-14 20:00:26] "pages/php/assaa/jjasadsadsa.php don't exist" in C:\wamp\www\PageManager\index.php line 20
[2016-09-14 20:00:30] "pages/php/assaa/jjasadsadsa/jja.php don't exist" in C:\wamp\www\PageManager\index.php line 20
[2016-09-14 20:00:34] "pages/php/assaa.php don't exist" in C:\wamp\www\PageManager\index.php line 20
[2016-09-14 20:05:57] "pages/php/assaa.php don't exist" in C:\wamp\www\PageManager\index.php line 20
[2016-09-14 20:05:58] "pages/php/assaa.php don't exist" in C:\wamp\www\PageManager\index.php line 20
[2016-09-14 20:06:01] "pages/php/assaa.php don't exist" in C:\wamp\www\PageManager\index.php line 20
[2016-09-14 20:06:57] "pages/php/assaa.php don't exist" in C:\wamp\www\PageManager\index.php line 20
[2016-09-14 20:07:25] "pages/php/assaa.php don't exist" in C:\wamp\www\PageManager\index.php line 20
[2016-09-14 20:07:26] "pages/php/assaa.php don't exist" in C:\wamp\www\PageManager\index.php line 20
[2016-09-14 20:08:11] "pages/php/assaa.php don't exist" in C:\wamp\www\PageManager\index.php line 20
[2016-09-14 20:08:15] "pages/php/assaa.php don't exist" in C:\wamp\www\PageManager\index.php line 20
[2016-09-14 20:08:20] "pages/php/assaa/jjasadsadsa/jja.php don't exist" in C:\wamp\www\PageManager\index.php line 20
[2016-09-14 20:08:21] "pages/php/assaa/jjasadsadsa.php don't exist" in C:\wamp\www\PageManager\index.php line 20
[2016-09-14 20:10:46] "pages/php/install.php don't exist" in C:\wamp\www\PageManager\index.php line 20
[2016-09-14 20:10:48] "pages/php/install.php don't exist" in C:\wamp\www\PageManager\index.php line 20
[2016-09-14 20:10:51] "pages/php/install.php don't exist" in C:\wamp\www\PageManager\index.php line 20
[2016-09-14 20:10:54] "pages/php/install.php don't exist" in C:\wamp\www\PageManager\index.php line 20
[2016-09-14 20:15:41] "pages/php/install.php don't exist" in C:\wamp\www\PageManager\index.php line 20
[2016-09-14 20:15:42] "pages/php/install.php don't exist" in C:\wamp\www\PageManager\index.php line 20
[2016-09-14 20:15:42] "pages/php/install.php don't exist" in C:\wamp\www\PageManager\index.php line 20
[2016-09-14 20:17:45] "pages/php/install.php don't exist" in C:\wamp\www\PageManager\index.php line 20
[2016-09-14 20:17:46] "pages/php/install.php don't exist" in C:\wamp\www\PageManager\index.php line 20
[2016-09-14 20:17:48] "pages/php/install.php don't exist" in C:\wamp\www\PageManager\index.php line 20
[2016-09-14 20:17:59] "pages/php/install.php don't exist" in C:\wamp\www\PageManager\index.php line 20
[2016-09-14 20:18:00] "pages/php/install.php don't exist" in C:\wamp\www\PageManager\index.php line 20
[2016-09-14 20:20:54] "pages/php/install.php don't exist" in C:\wamp\www\PageManager\index.php line 20
[2016-09-14 20:20:56] "pages/php/install.php don't exist" in C:\wamp\www\PageManager\index.php line 20
[2016-09-14 20:21:08] "pages/php/install.php don't exist" in C:\wamp\www\PageManager\index.php line 20
[2016-09-14 20:21:09] "pages/php/install.php don't exist" in C:\wamp\www\PageManager\index.php line 20
[2016-09-14 20:21:20] "pages/php/install.php don't exist" in C:\wamp\www\PageManager\index.php line 20
[2016-09-14 20:21:22] "pages/php/install.php don't exist" in C:\wamp\www\PageManager\index.php line 20
[2016-09-14 20:21:23] "pages/php/install.php don't exist" in C:\wamp\www\PageManager\index.php line 20
[2016-09-14 20:21:24] "pages/php/install.php don't exist" in C:\wamp\www\PageManager\index.php line 20
[2016-09-14 20:21:27] "pages/php/install.php don't exist" in C:\wamp\www\PageManager\index.php line 20
[2016-09-14 20:21:45] "pages/php/install.php don't exist" in C:\wamp\www\PageManager\index.php line 20
[2016-09-14 20:21:58] "pages/php/install.php don't exist" in C:\wamp\www\PageManager\index.php line 20
[2016-09-14 20:22:14] "pages/php/install.php don't exist" in C:\wamp\www\PageManager\index.php line 20
[2016-09-14 20:22:24] "pages/php/download.php don't exist" in C:\wamp\www\PageManager\index.php line 20
[2016-09-14 20:22:25] "pages/php/install.php don't exist" in C:\wamp\www\PageManager\index.php line 20
[2016-09-14 20:22:27] "pages/php/download.php don't exist" in C:\wamp\www\PageManager\index.php line 20
[2016-09-14 20:22:29] "pages/php/install.php don't exist" in C:\wamp\www\PageManager\index.php line 20
[2016-09-14 20:22:30] "pages/php/download.php don't exist" in C:\wamp\www\PageManager\index.php line 20
[2016-09-14 20:24:19] "pages/php/download.php don't exist" in C:\wamp\www\PageManager\index.php line 20
[2016-09-14 20:25:54] "pages/php/download.php don't exist" in C:\wamp\www\PageManager\index.php line 20
[2016-09-14 20:25:55] "pages/php/download.php don't exist" in C:\wamp\www\PageManager\index.php line 20
[2016-09-15 19:05:46] "pages/php/download.php don't exist" in C:\wamp\www\PageManager\index.php line 20
[2016-09-15 19:17:40] "pages/php/install.php don't exist" in C:\wamp\www\PageManager\index.php line 20
[2016-09-15 19:17:42] "pages/php/install.php don't exist" in C:\wamp\www\PageManager\index.php line 20
[2016-09-16 22:24:19] "pages/php/asdad.php don't exist" in C:\wamp\www\PageManager\index.php line 20
[2016-09-16 22:25:45] "pages/php/s.php don't exist" in C:\wamp\www\PageManager\index.php line 20
[2016-09-16 22:26:09] "pages/php/s.php don't exist" in C:\wamp\www\PageManager\index.php line 20
[2016-09-16 22:26:31] "pages/php/s.php don't exist" in C:\wamp\www\PageManager\index.php line 20
[2016-09-16 22:26:57] "pages/php/s.php don't exist" in C:\wamp\www\PageManager\index.php line 20
[2016-09-16 22:27:08] "pages/php/s.php don't exist" in C:\wamp\www\PageManager\index.php line 20
[2016-09-16 22:27:10] "pages/php/s.php don't exist" in C:\wamp\www\PageManager\index.php line 20
[2016-09-16 22:27:21] "pages/php/s.php don't exist" in C:\wamp\www\PageManager\index.php line 20
[2016-09-16 22:27:34] "pages/php/s.php don't exist" in C:\wamp\www\PageManager\index.php line 20
[2016-09-16 22:27:52] "pages/php/s.php don't exist" in C:\wamp\www\PageManager\index.php line 20
[2016-09-16 22:27:54] "pages/php/s.php don't exist" in C:\wamp\www\PageManager\index.php line 20
[2016-09-16 22:27:55] "pages/php/s.php don't exist" in C:\wamp\www\PageManager\index.php line 20
[2016-09-16 22:29:05] "pages/php/home/d.php don't exist" in C:\wamp\www\PageManager\index.php line 20
[2016-09-16 22:30:01] "pages/php/home/d.php don't exist" in C:\wamp\www\PageManager\index.php line 20
[2016-09-16 22:30:12] "pages/php/home/d.php don't exist" in C:\wamp\www\PageManager\index.php line 20
[2016-09-16 22:30:19] "pages/php/home/d.php don't exist" in C:\wamp\www\PageManager\index.php line 20
[2016-09-16 22:30:36] "pages/php/home/d.php don't exist" in C:\wamp\www\PageManager\index.php line 20
[2016-09-16 23:04:13] "pages/php/home/sadsadads.php don't exist" in C:\wamp\www\PageManager\index.php line 20
[2016-09-17 08:35:46] "pages/php/docs.php don't exist" in C:\wamp\www\PageManager\index.php line 20
[2016-09-17 08:35:57] "pages/php/docs.php don't exist" in C:\wamp\www\PageManager\index.php line 20
[2016-09-17 08:58:06] "pages/php/doc.php don't exist" in C:\wamp\www\PageManager\index.php line 20
[2016-09-17 09:07:59] "pages/php/docs/intall.php don't exist" in C:\wamp\www\PageManager\index.php line 20
[2016-09-17 09:08:03] "pages/php/docs/intall.php don't exist" in C:\wamp\www\PageManager\index.php line 20
[2016-09-17 09:08:47] "pages/php/docs/intall.php don't exist" in C:\wamp\www\PageManager\index.php line 20
[2016-09-17 09:09:09] "pages/php/docs/intall.php don't exist" in C:\wamp\www\PageManager\index.php line 20
[2016-09-17 09:09:10] "pages/php/docs/intall.php don't exist" in C:\wamp\www\PageManager\index.php line 20
[2016-09-17 09:10:16] "pages/php/docs/intall.php don't exist" in C:\wamp\www\PageManager\index.php line 20
[2016-09-17 09:10:29] "pages/php/sa.php don't exist" in C:\wamp\www\PageManager\index.php line 20
[2016-09-17 09:10:48] "pages/php/sa.php don't exist" in C:\wamp\www\PageManager\index.php line 20
[2016-09-17 09:10:50] "pages/php/docs/intall.php don't exist" in C:\wamp\www\PageManager\index.php line 20
[2016-09-17 09:10:53] "pages/php/docs/intall.php don't exist" in C:\wamp\www\PageManager\index.php line 20
[2016-09-17 09:11:06] "pages/php/docs/intall.php don't exist" in C:\wamp\www\PageManager\index.php line 20
[2016-09-17 09:11:27] "pages/php/docs-intall.php don't exist" in C:\wamp\www\PageManager\index.php line 20
[2016-09-17 09:11:29] "pages/php/docs-intall.php don't exist" in C:\wamp\www\PageManager\index.php line 20
[2016-09-17 09:12:48] "pages/php/docs-intall.php don't exist" in C:\wamp\www\PageManager\index.php line 20
[2016-09-17 09:17:05] "pages/php/docs-new-page.php don't exist" in C:\wamp\www\PageManager\index.php line 20
[2016-09-17 09:17:08] "pages/php/docs-new-page.php don't exist" in C:\wamp\www\PageManager\index.php line 20
[2016-09-17 09:52:53] "pages/php/docs-new-page.php don't exist" in C:\wamp\www\PageManager\index.php line 20
[2016-09-17 09:52:53] "pages/php/docs-new-page.php don't exist" in C:\wamp\www\PageManager\index.php line 20
[2016-09-17 22:17:46] "pages/php/docs-adapt-template.php don't exist" in C:\wamp\www\PageManager\index.php line 20
[2016-09-17 22:46:38] "pages/php/docs-adapt-template.php don't exist" in C:\wamp\www\PageManager\index.php line 20
